Performing C SOURCE FILE Test CMAKE_HAVE_LIBC_PTHREAD failed with the following output:
Change Dir: /home/razer/catkin_ws_assistive/build/CMakeFiles/CMakeTmp

Run Build Command(s):/usr/bin/make cmTC_a7fcb/fast && /usr/bin/make -f CMakeFiles/cmTC_a7fcb.dir/build.make CMakeFiles/cmTC_a7fcb.dir/build
make[1]: Entering directory '/home/razer/catkin_ws_assistive/build/CMakeFiles/CMakeTmp'
Building C object CMakeFiles/cmTC_a7fcb.dir/src.c.o
/usr/bin/cc   -DCMAKE_HAVE_LIBC_PTHREAD   -o CMakeFiles/cmTC_a7fcb.dir/src.c.o   -c /home/razer/catkin_ws_assistive/build/CMakeFiles/CMakeTmp/src.c
Linking C executable cmTC_a7fcb
/usr/bin/cmake -E cmake_link_script CMakeFiles/cmTC_a7fcb.dir/link.txt --verbose=1
/usr/bin/cc  -DCMAKE_HAVE_LIBC_PTHREAD    -rdynamic CMakeFiles/cmTC_a7fcb.dir/src.c.o  -o cmTC_a7fcb 
/usr/bin/ld: CMakeFiles/cmTC_a7fcb.dir/src.c.o: in function `main':
src.c:(.text+0x46): undefined reference to `pthread_create'
/usr/bin/ld: src.c:(.text+0x52): undefined reference to `pthread_detach'
/usr/bin/ld: src.c:(.text+0x63): undefined reference to `pthread_join'
collect2: error: ld returned 1 exit status
make[1]: *** [CMakeFiles/cmTC_a7fcb.dir/build.make:87: cmTC_a7fcb] Error 1
make[1]: Leaving directory '/home/razer/catkin_ws_assistive/build/CMakeFiles/CMakeTmp'
make: *** [Makefile:121: cmTC_a7fcb/fast] Error 2


Source file was:
#include <pthread.h>

void* test_func(void* data)
{
  return data;
}

int main(void)
{
  pthread_t thread;
  pthread_create(&thread, NULL, test_func, NULL);
  pthread_detach(thread);
  pthread_join(thread, NULL);
  pthread_atfork(NULL, NULL, NULL);
  pthread_exit(NULL);

  return 0;
}

Determining if the function pthread_create exists in the pthreads failed with the following output:
Change Dir: /home/razer/catkin_ws_assistive/build/CMakeFiles/CMakeTmp

Run Build Command(s):/usr/bin/make cmTC_0fc88/fast && /usr/bin/make -f CMakeFiles/cmTC_0fc88.dir/build.make CMakeFiles/cmTC_0fc88.dir/build
make[1]: Entering directory '/home/razer/catkin_ws_assistive/build/CMakeFiles/CMakeTmp'
Building C object CMakeFiles/cmTC_0fc88.dir/CheckFunctionExists.c.o
/usr/bin/cc   -DCHECK_FUNCTION_EXISTS=pthread_create   -o CMakeFiles/cmTC_0fc88.dir/CheckFunctionExists.c.o   -c /usr/share/cmake-3.16/Modules/CheckFunctionExists.c
Linking C executable cmTC_0fc88
/usr/bin/cmake -E cmake_link_script CMakeFiles/cmTC_0fc88.dir/link.txt --verbose=1
/usr/bin/cc  -DCHECK_FUNCTION_EXISTS=pthread_create    -rdynamic CMakeFiles/cmTC_0fc88.dir/CheckFunctionExists.c.o  -o cmTC_0fc88  -lpthreads 
/usr/bin/ld: cannot find -lpthreads
collect2: error: ld returned 1 exit status
make[1]: *** [CMakeFiles/cmTC_0fc88.dir/build.make:87: cmTC_0fc88] Error 1
make[1]: Leaving directory '/home/razer/catkin_ws_assistive/build/CMakeFiles/CMakeTmp'
make: *** [Makefile:121: cmTC_0fc88/fast] Error 2



Determining if the function sgemm_ exists failed with the following output:
Change Dir: /home/razer/catkin_ws_assistive/build/CMakeFiles/CMakeTmp

Run Build Command(s):/usr/bin/make cmTC_9c7c4/fast && /usr/bin/make -f CMakeFiles/cmTC_9c7c4.dir/build.make CMakeFiles/cmTC_9c7c4.dir/build
make[1]: Entering directory '/home/razer/catkin_ws_assistive/build/CMakeFiles/CMakeTmp'
Building C object CMakeFiles/cmTC_9c7c4.dir/CheckFunctionExists.c.o
/usr/bin/cc   -DCHECK_FUNCTION_EXISTS=sgemm_   -o CMakeFiles/cmTC_9c7c4.dir/CheckFunctionExists.c.o   -c /usr/share/cmake-3.16/Modules/CheckFunctionExists.c
Linking C executable cmTC_9c7c4
/usr/bin/cmake -E cmake_link_script CMakeFiles/cmTC_9c7c4.dir/link.txt --verbose=1
/usr/bin/cc  -DCHECK_FUNCTION_EXISTS=sgemm_    -rdynamic CMakeFiles/cmTC_9c7c4.dir/CheckFunctionExists.c.o  -o cmTC_9c7c4 
/usr/bin/ld: CMakeFiles/cmTC_9c7c4.dir/CheckFunctionExists.c.o: in function `main':
CheckFunctionExists.c:(.text+0x14): undefined reference to `sgemm_'
collect2: error: ld returned 1 exit status
make[1]: *** [CMakeFiles/cmTC_9c7c4.dir/build.make:87: cmTC_9c7c4] Error 1
make[1]: Leaving directory '/home/razer/catkin_ws_assistive/build/CMakeFiles/CMakeTmp'
make: *** [Makefile:121: cmTC_9c7c4/fast] Error 2



Determining if the function cheev_ exists failed with the following output:
Change Dir: /home/razer/catkin_ws_assistive/build/CMakeFiles/CMakeTmp

Run Build Command(s):/usr/bin/make cmTC_1e23f/fast && /usr/bin/make -f CMakeFiles/cmTC_1e23f.dir/build.make CMakeFiles/cmTC_1e23f.dir/build
make[1]: Entering directory '/home/razer/catkin_ws_assistive/build/CMakeFiles/CMakeTmp'
Building C object CMakeFiles/cmTC_1e23f.dir/CheckFunctionExists.c.o
/usr/bin/cc   -DCHECK_FUNCTION_EXISTS=cheev_   -o CMakeFiles/cmTC_1e23f.dir/CheckFunctionExists.c.o   -c /usr/share/cmake-3.16/Modules/CheckFunctionExists.c
Linking C executable cmTC_1e23f
/usr/bin/cmake -E cmake_link_script CMakeFiles/cmTC_1e23f.dir/link.txt --verbose=1
/usr/bin/cc  -DCHECK_FUNCTION_EXISTS=cheev_    -rdynamic CMakeFiles/cmTC_1e23f.dir/CheckFunctionExists.c.o  -o cmTC_1e23f  /usr/lib/x86_64-linux-gnu/libblas.so 
/usr/bin/ld: CMakeFiles/cmTC_1e23f.dir/CheckFunctionExists.c.o: in function `main':
CheckFunctionExists.c:(.text+0x14): undefined reference to `cheev_'
collect2: error: ld returned 1 exit status
make[1]: *** [CMakeFiles/cmTC_1e23f.dir/build.make:88: cmTC_1e23f] Error 1
make[1]: Leaving directory '/home/razer/catkin_ws_assistive/build/CMakeFiles/CMakeTmp'
make: *** [Makefile:121: cmTC_1e23f/fast] Error 2



